<?xml version="1.0" encoding="UTF-8"?>
<testsuite xmlns:xsi="http://www.w3.org/2001/XMLSchema-instance" xsi:noNamespaceSchemaLocation="https://maven.apache.org/surefire/maven-surefire-plugin/xsd/surefire-test-report.xsd" version="3.0.2" name="com.example.sample_java_assignment_app.SpringbootSampleAppApplicationTests" time="3.097" tests="1" errors="0" skipped="0" failures="0">
  <properties>
[...]
</properties>
  <testcase name="testLogin" classname="com.example.sample_java_assignment_app.SpringbootSampleAppApplicationTests" time="0.731">
    <system-out><![CDATA[14:08:25.310 [main] INFO org.springframework.test.context.support.AnnotationConfigContextLoaderUtils -- Could not detect default configuration classes for test class [com.example.sample_java_assignment_app.SpringbootSampleAppApplicationTests]: SpringbootSampleAppApplicationTests does not declare any static, non-private, non-final, nested classes annotated with @Configuration.
14:08:25.515 [main] INFO org.springframework.boot.test.context.SpringBootTestContextBootstrapper -- Found @SpringBootConfiguration com.example.sample_java_assignment_app.SpringbootSampleAppApplication for test class com.example.sample_java_assignment_app.SpringbootSampleAppApplicationTests

  .   ____          _            __ _ _
 /\\ / ___'_ __ _ _(_)_ __  __ _ \ \ \ \
( ( )\___ | '_ | '_| | '_ \/ _` | \ \ \ \
 \\/  ___)| |_)| | | | | || (_| |  ) ) ) )
  '  |____| .__|_| |_|_| |_\__, | / / / /
 =========|_|==============|___/=/_/_/_/

 :: Spring Boot ::                (v4.0.0)

2025-12-31T14:08:26.072+05:30  INFO 10028 --- [           main] .e.s.SpringbootSampleAppApplicationTests : Starting SpringbootSampleAppApplicationTests using Java 25 with PID 10028 (started by sana2 in C:\Users\sana2\Music\sample-java-assignment-app)
2025-12-31T14:08:26.075+05:30  INFO 10028 --- [           main] .e.s.SpringbootSampleAppApplicationTests : No active profile set, falling back to 1 default profile: "default"
2025-12-31T14:08:27.402+05:30  INFO 10028 --- [           main] .e.s.SpringbootSampleAppApplicationTests : Started SpringbootSampleAppApplicationTests in 1.659 seconds (process running for 3.188)
]]></system-out>
    <system-err><![CDATA[Mockito is currently self-attaching to enable the inline-mock-maker. This will no longer work in future releases of the JDK. Please add Mockito as an agent to your build as described in Mockito's documentation: https://javadoc.io/doc/org.mockito/mockito-core/latest/org.mockito/org/mockito/Mockito.html#0.3
WARNING: A Java agent has been loaded dynamically (C:\Users\sana2\.m2\repository\net\bytebuddy\byte-buddy-agent\1.17.8\byte-buddy-agent-1.17.8.jar)
WARNING: If a serviceability tool is in use, please run with -XX:+EnableDynamicAgentLoading to hide this warning
WARNING: If a serviceability tool is not in use, please run with -Djdk.instrument.traceUsage for more information
WARNING: Dynamic loading of agents will be disallowed by default in a future release
]]></system-err>
  </testcase>
</testsuite>